mode: set
subpub/internal/service/service.go:19.48,23.2 1 0
subpub/internal/service/service.go:25.94,27.16 2 0
subpub/internal/service/service.go:27.16,29.3 1 0
subpub/internal/service/service.go:31.2,32.15 2 0
subpub/internal/service/service.go:32.15,34.3 1 0
subpub/internal/service/service.go:36.2,37.16 2 0
subpub/internal/service/service.go:37.16,39.3 1 0
subpub/internal/service/service.go:41.2,41.28 1 0
subpub/internal/service/service.go:44.95,46.15 2 0
subpub/internal/service/service.go:46.15,48.3 1 0
subpub/internal/service/service.go:50.2,50.69 1 0
subpub/internal/service/service.go:50.69,52.10 2 0
subpub/internal/service/service.go:52.10,55.4 2 0
subpub/internal/service/service.go:56.3,56.60 1 0
subpub/internal/service/service.go:56.60,58.4 1 0
subpub/internal/service/service.go:61.2,61.16 1 0
subpub/internal/service/service.go:61.16,62.14 1 0
subpub/internal/service/service.go:63.25,64.55 1 0
subpub/internal/service/service.go:65.11,66.52 1 0
subpub/internal/service/service.go:70.2,73.12 3 0
subpub/cmd/main.go:19.13,20.60 1 0
subpub/cmd/main.go:20.60,23.3 2 0
subpub/cmd/main.go:25.2,30.16 5 0
subpub/cmd/main.go:30.16,32.3 1 0
subpub/cmd/main.go:33.2,44.12 9 0
subpub/cmd/main.go:44.12,48.39 4 0
subpub/cmd/main.go:48.39,50.4 1 0
subpub/cmd/main.go:53.2,54.46 2 0
subpub/cmd/main.go:54.46,56.3 1 0
subpub/internal/pb/api.pb.go:32.36,34.29 2 0
subpub/internal/pb/api.pb.go:34.29,38.3 3 0
subpub/internal/pb/api.pb.go:41.44,43.2 1 0
subpub/internal/pb/api.pb.go:45.42,45.43 0 0
subpub/internal/pb/api.pb.go:47.64,49.41 2 0
subpub/internal/pb/api.pb.go:49.41,51.34 2 0
subpub/internal/pb/api.pb.go:51.34,53.4 1 0
subpub/internal/pb/api.pb.go:54.3,54.12 1 0
subpub/internal/pb/api.pb.go:56.2,56.24 1 0
subpub/internal/pb/api.pb.go:60.55,62.2 1 0
subpub/internal/pb/api.pb.go:64.44,65.14 1 0
subpub/internal/pb/api.pb.go:65.14,67.3 1 0
subpub/internal/pb/api.pb.go:68.2,68.11 1 0
subpub/internal/pb/api.pb.go:80.34,82.29 2 0
subpub/internal/pb/api.pb.go:82.29,86.3 3 0
subpub/internal/pb/api.pb.go:89.42,91.2 1 0
subpub/internal/pb/api.pb.go:93.40,93.41 0 0
subpub/internal/pb/api.pb.go:95.62,97.41 2 0
subpub/internal/pb/api.pb.go:97.41,99.34 2 0
subpub/internal/pb/api.pb.go:99.34,101.4 1 0
subpub/internal/pb/api.pb.go:102.3,102.12 1 0
subpub/internal/pb/api.pb.go:104.2,104.24 1 0
subpub/internal/pb/api.pb.go:108.53,110.2 1 0
subpub/internal/pb/api.pb.go:112.42,113.14 1 0
subpub/internal/pb/api.pb.go:113.14,115.3 1 0
subpub/internal/pb/api.pb.go:116.2,116.11 1 0
subpub/internal/pb/api.pb.go:119.43,120.14 1 0
subpub/internal/pb/api.pb.go:120.14,122.3 1 0
subpub/internal/pb/api.pb.go:123.2,123.11 1 0
subpub/internal/pb/api.pb.go:134.25,136.29 2 0
subpub/internal/pb/api.pb.go:136.29,140.3 3 0
subpub/internal/pb/api.pb.go:143.33,145.2 1 0
subpub/internal/pb/api.pb.go:147.31,147.32 0 0
subpub/internal/pb/api.pb.go:149.53,151.41 2 0
subpub/internal/pb/api.pb.go:151.41,153.34 2 0
subpub/internal/pb/api.pb.go:153.34,155.4 1 0
subpub/internal/pb/api.pb.go:156.3,156.12 1 0
subpub/internal/pb/api.pb.go:158.2,158.24 1 0
subpub/internal/pb/api.pb.go:162.44,164.2 1 0
subpub/internal/pb/api.pb.go:166.34,167.14 1 0
subpub/internal/pb/api.pb.go:167.14,169.3 1 0
subpub/internal/pb/api.pb.go:170.2,170.11 1 0
subpub/internal/pb/api.pb.go:203.42,204.39 1 0
subpub/internal/pb/api.pb.go:204.39,206.3 1 0
subpub/internal/pb/api.pb.go:207.2,207.35 1 0
subpub/internal/pb/api.pb.go:229.13,229.38 1 0
subpub/internal/pb/api.pb.go:230.28,231.27 1 0
subpub/internal/pb/api.pb.go:231.27,233.3 1 0
subpub/internal/pb/api.pb.go:234.2,234.30 1 0
subpub/internal/pb/api.pb.go:234.30,235.80 1 0
subpub/internal/pb/api.pb.go:235.80,236.41 1 0
subpub/internal/pb/api.pb.go:237.11,238.20 1 0
subpub/internal/pb/api.pb.go:239.11,240.24 1 0
subpub/internal/pb/api.pb.go:241.11,242.28 1 0
subpub/internal/pb/api.pb.go:243.12,244.15 1 0
subpub/internal/pb/api.pb.go:247.3,247.80 1 0
subpub/internal/pb/api.pb.go:247.80,248.39 1 0
subpub/internal/pb/api.pb.go:249.11,250.20 1 0
subpub/internal/pb/api.pb.go:251.11,252.24 1 0
subpub/internal/pb/api.pb.go:253.11,254.28 1 0
subpub/internal/pb/api.pb.go:255.12,256.15 1 0
subpub/internal/pb/api.pb.go:259.3,259.80 1 0
subpub/internal/pb/api.pb.go:259.80,260.30 1 0
subpub/internal/pb/api.pb.go:261.11,262.20 1 0
subpub/internal/pb/api.pb.go:263.11,264.24 1 0
subpub/internal/pb/api.pb.go:265.11,266.28 1 0
subpub/internal/pb/api.pb.go:267.12,268.15 1 0
subpub/internal/pb/api.pb.go:272.2,289.30 6 0
subpub/internal/pb/api_grpc.pb.go:39.64,41.2 1 0
subpub/internal/pb/api_grpc.pb.go:43.145,46.16 3 0
subpub/internal/pb/api_grpc.pb.go:46.16,48.3 1 0
subpub/internal/pb/api_grpc.pb.go:49.2,50.51 2 0
subpub/internal/pb/api_grpc.pb.go:50.51,52.3 1 0
subpub/internal/pb/api_grpc.pb.go:53.2,53.51 1 0
subpub/internal/pb/api_grpc.pb.go:53.51,55.3 1 0
subpub/internal/pb/api_grpc.pb.go:56.2,56.15 1 0
subpub/internal/pb/api_grpc.pb.go:62.120,66.16 4 0
subpub/internal/pb/api_grpc.pb.go:66.16,68.3 1 0
subpub/internal/pb/api_grpc.pb.go:69.2,69.17 1 0
subpub/internal/pb/api_grpc.pb.go:88.104,90.2 1 0
subpub/internal/pb/api_grpc.pb.go:91.98,93.2 1 0
subpub/internal/pb/api_grpc.pb.go:94.72,94.73 0 0
subpub/internal/pb/api_grpc.pb.go:95.72,95.73 0 0
subpub/internal/pb/api_grpc.pb.go:104.70,109.59 1 0
subpub/internal/pb/api_grpc.pb.go:109.59,111.3 1 0
subpub/internal/pb/api_grpc.pb.go:112.2,112.45 1 0
subpub/internal/pb/api_grpc.pb.go:115.81,117.42 2 0
subpub/internal/pb/api_grpc.pb.go:117.42,119.3 1 0
subpub/internal/pb/api_grpc.pb.go:120.2,120.114 1 0
subpub/internal/pb/api_grpc.pb.go:126.159,128.32 2 0
subpub/internal/pb/api_grpc.pb.go:128.32,130.3 1 0
subpub/internal/pb/api_grpc.pb.go:131.2,131.24 1 0
subpub/internal/pb/api_grpc.pb.go:131.24,133.3 1 0
subpub/internal/pb/api_grpc.pb.go:134.2,138.77 2 0
subpub/internal/pb/api_grpc.pb.go:138.77,140.3 1 0
subpub/internal/pb/api_grpc.pb.go:141.2,141.44 1 0
subpub/internal/subpub/subpub.go:34.25,44.2 3 1
subpub/internal/subpub/subpub.go:54.38,56.20 2 1
subpub/internal/subpub/subpub.go:56.20,59.3 2 0
subpub/internal/subpub/subpub.go:60.2,65.47 5 1
subpub/internal/subpub/subpub.go:65.47,67.3 1 0
subpub/internal/subpub/subpub.go:68.2,70.13 2 1
subpub/internal/subpub/subpub.go:73.74,75.24 2 1
subpub/internal/subpub/subpub.go:75.24,76.10 1 1
subpub/internal/subpub/subpub.go:76.10,77.17 1 1
subpub/internal/subpub/subpub.go:77.17,78.33 1 1
subpub/internal/subpub/subpub.go:78.33,80.6 1 1
subpub/internal/subpub/subpub.go:82.4,82.16 1 1
subpub/internal/subpub/subpub.go:87.86,88.9 1 1
subpub/internal/subpub/subpub.go:89.19,90.24 1 1
subpub/internal/subpub/subpub.go:91.10,91.10 0 1
subpub/internal/subpub/subpub.go:94.2,101.36 3 1
subpub/internal/subpub/subpub.go:101.36,103.3 1 1
subpub/internal/subpub/subpub.go:104.2,110.17 5 1
subpub/internal/subpub/subpub.go:113.66,114.9 1 1
subpub/internal/subpub/subpub.go:115.19,116.19 1 1
subpub/internal/subpub/subpub.go:117.10,117.10 0 1
subpub/internal/subpub/subpub.go:120.2,124.50 4 1
subpub/internal/subpub/subpub.go:124.50,125.10 1 1
subpub/internal/subpub/subpub.go:126.29,126.29 0 1
subpub/internal/subpub/subpub.go:127.11,128.85 1 1
subpub/internal/subpub/subpub.go:131.2,133.12 2 1
subpub/internal/subpub/subpub.go:136.52,140.12 3 1
subpub/internal/subpub/subpub.go:140.12,143.3 2 1
subpub/internal/subpub/subpub.go:145.2,145.9 1 1
subpub/internal/subpub/subpub.go:146.20,147.19 1 0
subpub/internal/subpub/subpub.go:148.16,148.16 0 1
subpub/internal/subpub/subpub.go:151.2,152.45 2 1
subpub/internal/subpub/subpub.go:152.45,153.39 1 0
subpub/internal/subpub/subpub.go:153.39,155.4 1 0
subpub/internal/subpub/subpub.go:157.2,159.12 2 1
